<?xml version="1.0" encoding="UTF-8" ?>
<testsuites>
  <testsuite aborted="0" failures="0" id="0" name="CustomDoubleConverterTest" package="junit.test" skipped="0" tests="2" time="0.312" timestamp="2024-05-25T06:33:45">
    <properties>
[...]
</properties>
    <testcase classname="junit.test.CustomDoubleConverterTest" name="getAsString()" time="0.002" />
    <testcase classname="junit.test.CustomDoubleConverterTest" name="getAsObject()" time="0.059" />
  </testsuite>
  <testsuite aborted="0" failures="0" id="1" name="PointCheckerTest" package="junit.test" skipped="0" tests="2" time="0.024" timestamp="2024-05-25T06:33:45">
    <properties>
[...]
</properties>
    <testcase classname="junit.test.PointCheckerTest" name="testMiss()" time="0.004" />
    <testcase classname="junit.test.PointCheckerTest" name="testHit()" time="0.009" />
  </testsuite>
</testsuites>
