<?xml version="1.0" encoding="UTF-8" ?>
<testsuites>
  <testsuite aborted="0" failures="0" id="0" name="CustomDoubleConverterTest" package="junit.test" skipped="0" tests="2" time="0.181" timestamp="2024-05-24T17:18:36">
    <properties>
[...]
</properties>
    <testcase classname="junit.test.CustomDoubleConverterTest" name="getAsString()" time="0.004" />
    <testcase classname="junit.test.CustomDoubleConverterTest" name="getAsObject()" time="0.039" />
  </testsuite>
  <testsuite aborted="0" failures="0" id="1" name="PointCheckerTest" package="junit.test" skipped="0" tests="2" time="0.064" timestamp="2024-05-24T17:18:37">
    <properties>
[...]
</properties>
    <testcase classname="junit.test.PointCheckerTest" name="testMiss()" time="0.002" />
    <testcase classname="junit.test.PointCheckerTest" name="testHit()" time="0.055" />
  </testsuite>
</testsuites>
